build/app/intermediates/manifest_merge_blame_file/release/manifest-merger-blame-release-report.txt
1<?xml version="1.0" encoding="utf-8"?>
2<manifest xmlns:android="http://schemas.android.com/apk/res/android"
3    package="com.guibson.pixpay"
4    android:versionCode="2"
5    android:versionName="1.0.0" >
6
7    <uses-sdk
8        android:minSdkVersion="19"
8-->src/main/AndroidManifest.xml
9        android:targetSdkVersion="30" />
9-->src/main/AndroidManifest.xml
10
11    <uses-permission android:name="android.permission.INTERNET" />
11-->src/main/AndroidManifest.xml:4:4-65
11-->src/main/AndroidManifest.xml:4:21-63
12    <uses-permission android:name="android.permission.ACCESS_NETWORK_STATE" /> <!-- Android package visibility setting -->
12-->[com.google.android.gms:play-services-ads-lite:20.1.0] AndroidManifest.xml:24:5-79
12-->[com.google.android.gms:play-services-ads-lite:20.1.0] AndroidManifest.xml:24:22-76
13    <queries>
13-->[com.google.android.gms:play-services-ads-lite:20.1.0] AndroidManifest.xml:27:5-43:15
14
15        <!-- For browser content -->
16        <intent>
16-->[com.google.android.gms:play-services-ads-lite:20.1.0] AndroidManifest.xml:30:9-36:18
17            <action android:name="android.intent.action.VIEW" />
17-->[com.google.android.gms:play-services-ads-lite:20.1.0] AndroidManifest.xml:31:13-65
17-->[com.google.android.gms:play-services-ads-lite:20.1.0] AndroidManifest.xml:31:21-62
18
19            <category android:name="android.intent.category.BROWSABLE" />
19-->[com.google.android.gms:play-services-ads-lite:20.1.0] AndroidManifest.xml:33:13-74
19-->[com.google.android.gms:play-services-ads-lite:20.1.0] AndroidManifest.xml:33:23-71
20
21            <data android:scheme="https" />
21-->[com.google.android.gms:play-services-ads-lite:20.1.0] AndroidManifest.xml:35:13-44
21-->[com.google.android.gms:play-services-ads-lite:20.1.0] AndroidManifest.xml:35:19-41
22        </intent>
23        <!-- End of browser content -->
24        <!-- For CustomTabsService -->
25        <intent>
25-->[com.google.android.gms:play-services-ads-lite:20.1.0] AndroidManifest.xml:39:9-41:18
26            <action android:name="android.support.customtabs.action.CustomTabsService" />
26-->[com.google.android.gms:play-services-ads-lite:20.1.0] AndroidManifest.xml:40:13-90
26-->[com.google.android.gms:play-services-ads-lite:20.1.0] AndroidManifest.xml:40:21-87
27        </intent>
28        <!-- End of CustomTabsService -->
29    </queries>
30
31    <uses-permission android:name="android.permission.WAKE_LOCK" />
31-->[com.google.android.gms:play-services-measurement-sdk-api:18.0.0] AndroidManifest.xml:25:5-68
31-->[com.google.android.gms:play-services-measurement-sdk-api:18.0.0] AndroidManifest.xml:25:22-65
32    <uses-permission android:name="android.permission.RECEIVE_BOOT_COMPLETED" />
32-->[androidx.work:work-runtime:2.1.0] AndroidManifest.xml:27:5-81
32-->[androidx.work:work-runtime:2.1.0] AndroidManifest.xml:27:22-78
33
34    <application
34-->src/main/AndroidManifest.xml:6:4-48:19
35        android:appComponentFactory="androidx.core.app.CoreComponentFactory"
35-->[androidx.core:core:1.2.0] AndroidManifest.xml:24:18-86
36        android:icon="@mipmap/ic_launcher"
36-->src/main/AndroidManifest.xml:8:9-43
37        android:label="PixPay"
37-->src/main/AndroidManifest.xml:7:9-31
38        android:roundIcon="@mipmap/ic_launcher_rounded"
38-->src/main/AndroidManifest.xml:9:9-56
39        android:usesCleartextTraffic="true" >
39-->src/main/AndroidManifest.xml:10:9-44
40        <activity
40-->src/main/AndroidManifest.xml:11:9-39:20
41            android:name="com.guibson.pixpay.MainActivity"
41-->src/main/AndroidManifest.xml:12:13-41
42            android:configChanges="orientation|keyboardHidden|keyboard|screenSize|smallestScreenSize|locale|layoutDirection|fontScale|screenLayout|density|uiMode"
42-->src/main/AndroidManifest.xml:15:13-163
43            android:hardwareAccelerated="true"
43-->src/main/AndroidManifest.xml:16:13-47
44            android:launchMode="singleTop"
44-->src/main/AndroidManifest.xml:13:13-43
45            android:theme="@style/LaunchTheme"
45-->src/main/AndroidManifest.xml:14:13-47
46            android:windowSoftInputMode="adjustResize" >
46-->src/main/AndroidManifest.xml:17:13-55
47
48            <!--
49                 Specifies an Android theme to apply to this Activity as soon as
50                 the Android process has started. This theme is visible to the user
51                 while the Flutter UI initializes. After that, this theme continues
52                 to determine the Window background behind the Flutter UI.
53            -->
54            <meta-data
54-->src/main/AndroidManifest.xml:22:13-25:17
55                android:name="io.flutter.embedding.android.NormalTheme"
55-->src/main/AndroidManifest.xml:23:15-70
56                android:resource="@style/NormalTheme" />
56-->src/main/AndroidManifest.xml:24:15-52
57            <!--
58                 Displays an Android View that continues showing the launch screen
59                 Drawable until Flutter paints its first frame, then this splash
60                 screen fades out. A splash screen is useful to avoid any visual
61                 gap between the end of Android's launch screen and the painting of
62                 Flutter's first frame.
63            -->
64            <meta-data
64-->src/main/AndroidManifest.xml:31:13-34:17
65                android:name="io.flutter.embedding.android.SplashScreenDrawable"
65-->src/main/AndroidManifest.xml:32:15-79
66                android:resource="@drawable/launch_background" />
66-->src/main/AndroidManifest.xml:33:15-61
67
68            <intent-filter>
68-->src/main/AndroidManifest.xml:35:13-38:29
69                <action android:name="android.intent.action.MAIN" />
69-->src/main/AndroidManifest.xml:36:17-68
69-->src/main/AndroidManifest.xml:36:25-66
70
71                <category android:name="android.intent.category.LAUNCHER" />
71-->src/main/AndroidManifest.xml:37:17-76
71-->src/main/AndroidManifest.xml:37:27-74
72            </intent-filter>
73        </activity>
74        <!--
75             Don't delete the meta-data below.
76             This is used by the Flutter tool to generate GeneratedPluginRegistrant.java
77        -->
78        <meta-data
78-->src/main/AndroidManifest.xml:42:9-44:33
79            android:name="flutterEmbedding"
79-->src/main/AndroidManifest.xml:43:13-44
80            android:value="2" />
80-->src/main/AndroidManifest.xml:44:13-30
81        <meta-data
81-->src/main/AndroidManifest.xml:45:9-47:70
82            android:name="com.google.android.gms.ads.APPLICATION_ID"
82-->src/main/AndroidManifest.xml:46:13-69
83            android:value="ca-app-pub-5476955901521727~6110157050" />
83-->src/main/AndroidManifest.xml:47:13-67
84        <meta-data
84-->[:google_mobile_ads] AndroidManifest.xml:10:9-12:36
85            android:name="io.flutter.embedded_views_preview"
85-->[:google_mobile_ads] AndroidManifest.xml:11:13-61
86            android:value="true" /> <!-- Include the AdActivity and InAppPurchaseActivity configChanges and themes. -->
86-->[:google_mobile_ads] AndroidManifest.xml:12:13-33
87        <activity
87-->[com.google.android.gms:play-services-ads-lite:20.1.0] AndroidManifest.xml:48:9-52:64
88            android:name="com.google.android.gms.ads.AdActivity"
88-->[com.google.android.gms:play-services-ads-lite:20.1.0] AndroidManifest.xml:49:13-65
89            android:configChanges="keyboard|keyboardHidden|orientation|screenLayout|uiMode|screenSize|smallestScreenSize"
89-->[com.google.android.gms:play-services-ads-lite:20.1.0] AndroidManifest.xml:50:13-122
90            android:exported="false"
90-->[com.google.android.gms:play-services-ads-lite:20.1.0] AndroidManifest.xml:51:13-37
91            android:theme="@android:style/Theme.Translucent" />
91-->[com.google.android.gms:play-services-ads-lite:20.1.0] AndroidManifest.xml:52:13-61
92
93        <provider
93-->[com.google.android.gms:play-services-ads-lite:20.1.0] AndroidManifest.xml:54:9-58:39
94            android:name="com.google.android.gms.ads.MobileAdsInitProvider"
94-->[com.google.android.gms:play-services-ads-lite:20.1.0] AndroidManifest.xml:55:13-76
95            android:authorities="com.guibson.pixpay.mobileadsinitprovider"
95-->[com.google.android.gms:play-services-ads-lite:20.1.0] AndroidManifest.xml:56:13-73
96            android:exported="false"
96-->[com.google.android.gms:play-services-ads-lite:20.1.0] AndroidManifest.xml:57:13-37
97            android:initOrder="100" />
97-->[com.google.android.gms:play-services-ads-lite:20.1.0] AndroidManifest.xml:58:13-36
98
99        <service
99-->[com.google.android.gms:play-services-ads-lite:20.1.0] AndroidManifest.xml:60:9-63:40
100            android:name="com.google.android.gms.ads.AdService"
100-->[com.google.android.gms:play-services-ads-lite:20.1.0] AndroidManifest.xml:61:13-64
101            android:enabled="true"
101-->[com.google.android.gms:play-services-ads-lite:20.1.0] AndroidManifest.xml:62:13-35
102            android:exported="false" />
102-->[com.google.android.gms:play-services-ads-lite:20.1.0] AndroidManifest.xml:63:13-37
103
104        <meta-data
104-->[com.google.android.gms:play-services-basement:17.6.0] AndroidManifest.xml:23:9-25:69
105            android:name="com.google.android.gms.version"
105-->[com.google.android.gms:play-services-basement:17.6.0] AndroidManifest.xml:24:13-58
106            android:value="@integer/google_play_services_version" />
106-->[com.google.android.gms:play-services-basement:17.6.0] AndroidManifest.xml:25:13-66
107
108        <provider
108-->[androidx.work:work-runtime:2.1.0] AndroidManifest.xml:30:9-36:35
109            android:name="androidx.work.impl.WorkManagerInitializer"
109-->[androidx.work:work-runtime:2.1.0] AndroidManifest.xml:31:13-69
110            android:authorities="com.guibson.pixpay.workmanager-init"
110-->[androidx.work:work-runtime:2.1.0] AndroidManifest.xml:32:13-68
111            android:directBootAware="false"
111-->[androidx.work:work-runtime:2.1.0] AndroidManifest.xml:33:13-44
112            android:exported="false"
112-->[androidx.work:work-runtime:2.1.0] AndroidManifest.xml:34:13-37
113            android:multiprocess="true" />
113-->[androidx.work:work-runtime:2.1.0] AndroidManifest.xml:35:13-40
114
115        <service
115-->[androidx.work:work-runtime:2.1.0] AndroidManifest.xml:38:9-43:35
116            android:name="androidx.work.impl.background.systemalarm.SystemAlarmService"
116-->[androidx.work:work-runtime:2.1.0] AndroidManifest.xml:39:13-88
117            android:directBootAware="false"
117-->[androidx.work:work-runtime:2.1.0] AndroidManifest.xml:40:13-44
118            android:enabled="@bool/enable_system_alarm_service_default"
118-->[androidx.work:work-runtime:2.1.0] AndroidManifest.xml:41:13-72
119            android:exported="false" />
119-->[androidx.work:work-runtime:2.1.0] AndroidManifest.xml:42:13-37
120        <service
120-->[androidx.work:work-runtime:2.1.0] AndroidManifest.xml:44:9-50:35
121            android:name="androidx.work.impl.background.systemjob.SystemJobService"
121-->[androidx.work:work-runtime:2.1.0] AndroidManifest.xml:45:13-84
122            android:directBootAware="false"
122-->[androidx.work:work-runtime:2.1.0] AndroidManifest.xml:46:13-44
123            android:enabled="@bool/enable_system_job_service_default"
123-->[androidx.work:work-runtime:2.1.0] AndroidManifest.xml:47:13-70
124            android:exported="true"
124-->[androidx.work:work-runtime:2.1.0] AndroidManifest.xml:48:13-36
125            android:permission="android.permission.BIND_JOB_SERVICE" />
125-->[androidx.work:work-runtime:2.1.0] AndroidManifest.xml:49:13-69
126
127        <receiver
127-->[androidx.work:work-runtime:2.1.0] AndroidManifest.xml:52:9-57:35
128            android:name="androidx.work.impl.utils.ForceStopRunnable$BroadcastReceiver"
128-->[androidx.work:work-runtime:2.1.0] AndroidManifest.xml:53:13-88
129            android:directBootAware="false"
129-->[androidx.work:work-runtime:2.1.0] AndroidManifest.xml:54:13-44
130            android:enabled="true"
130-->[androidx.work:work-runtime:2.1.0] AndroidManifest.xml:55:13-35
131            android:exported="false" />
131-->[androidx.work:work-runtime:2.1.0] AndroidManifest.xml:56:13-37
132        <receiver
132-->[androidx.work:work-runtime:2.1.0] AndroidManifest.xml:58:9-68:20
133            android:name="androidx.work.impl.background.systemalarm.ConstraintProxy$BatteryChargingProxy"
133-->[androidx.work:work-runtime:2.1.0] AndroidManifest.xml:59:13-106
134            android:directBootAware="false"
134-->[androidx.work:work-runtime:2.1.0] AndroidManifest.xml:60:13-44
135            android:enabled="false"
135-->[androidx.work:work-runtime:2.1.0] AndroidManifest.xml:61:13-36
136            android:exported="false" >
136-->[androidx.work:work-runtime:2.1.0] AndroidManifest.xml:62:13-37
137            <intent-filter>
137-->[androidx.work:work-runtime:2.1.0] AndroidManifest.xml:64:13-67:29
138                <action android:name="android.intent.action.ACTION_POWER_CONNECTED" />
138-->[androidx.work:work-runtime:2.1.0] AndroidManifest.xml:65:17-87
138-->[androidx.work:work-runtime:2.1.0] AndroidManifest.xml:65:25-84
139                <action android:name="android.intent.action.ACTION_POWER_DISCONNECTED" />
139-->[androidx.work:work-runtime:2.1.0] AndroidManifest.xml:66:17-90
139-->[androidx.work:work-runtime:2.1.0] AndroidManifest.xml:66:25-87
140            </intent-filter>
141        </receiver>
142        <receiver
142-->[androidx.work:work-runtime:2.1.0] AndroidManifest.xml:69:9-79:20
143            android:name="androidx.work.impl.background.systemalarm.ConstraintProxy$BatteryNotLowProxy"
143-->[androidx.work:work-runtime:2.1.0] AndroidManifest.xml:70:13-104
144            android:directBootAware="false"
144-->[androidx.work:work-runtime:2.1.0] AndroidManifest.xml:71:13-44
145            android:enabled="false"
145-->[androidx.work:work-runtime:2.1.0] AndroidManifest.xml:72:13-36
146            android:exported="false" >
146-->[androidx.work:work-runtime:2.1.0] AndroidManifest.xml:73:13-37
147            <intent-filter>
147-->[androidx.work:work-runtime:2.1.0] AndroidManifest.xml:75:13-78:29
148                <action android:name="android.intent.action.BATTERY_OKAY" />
148-->[androidx.work:work-runtime:2.1.0] AndroidManifest.xml:76:17-77
148-->[androidx.work:work-runtime:2.1.0] AndroidManifest.xml:76:25-74
149                <action android:name="android.intent.action.BATTERY_LOW" />
149-->[androidx.work:work-runtime:2.1.0] AndroidManifest.xml:77:17-76
149-->[androidx.work:work-runtime:2.1.0] AndroidManifest.xml:77:25-73
150            </intent-filter>
151        </receiver>
152        <receiver
152-->[androidx.work:work-runtime:2.1.0] AndroidManifest.xml:80:9-90:20
153            android:name="androidx.work.impl.background.systemalarm.ConstraintProxy$StorageNotLowProxy"
153-->[androidx.work:work-runtime:2.1.0] AndroidManifest.xml:81:13-104
154            android:directBootAware="false"
154-->[androidx.work:work-runtime:2.1.0] AndroidManifest.xml:82:13-44
155            android:enabled="false"
155-->[androidx.work:work-runtime:2.1.0] AndroidManifest.xml:83:13-36
156            android:exported="false" >
156-->[androidx.work:work-runtime:2.1.0] AndroidManifest.xml:84:13-37
157            <intent-filter>
157-->[androidx.work:work-runtime:2.1.0] AndroidManifest.xml:86:13-89:29
158                <action android:name="android.intent.action.DEVICE_STORAGE_LOW" />
158-->[androidx.work:work-runtime:2.1.0] AndroidManifest.xml:87:17-83
158-->[androidx.work:work-runtime:2.1.0] AndroidManifest.xml:87:25-80
159                <action android:name="android.intent.action.DEVICE_STORAGE_OK" />
159-->[androidx.work:work-runtime:2.1.0] AndroidManifest.xml:88:17-82
159-->[androidx.work:work-runtime:2.1.0] AndroidManifest.xml:88:25-79
160            </intent-filter>
161        </receiver>
162        <receiver
162-->[androidx.work:work-runtime:2.1.0] AndroidManifest.xml:91:9-100:20
163            android:name="androidx.work.impl.background.systemalarm.ConstraintProxy$NetworkStateProxy"
163-->[androidx.work:work-runtime:2.1.0] AndroidManifest.xml:92:13-103
164            android:directBootAware="false"
164-->[androidx.work:work-runtime:2.1.0] AndroidManifest.xml:93:13-44
165            android:enabled="false"
165-->[androidx.work:work-runtime:2.1.0] AndroidManifest.xml:94:13-36
166            android:exported="false" >
166-->[androidx.work:work-runtime:2.1.0] AndroidManifest.xml:95:13-37
167            <intent-filter>
167-->[androidx.work:work-runtime:2.1.0] AndroidManifest.xml:97:13-99:29
168                <action android:name="android.net.conn.CONNECTIVITY_CHANGE" />
168-->[androidx.work:work-runtime:2.1.0] AndroidManifest.xml:98:17-79
168-->[androidx.work:work-runtime:2.1.0] AndroidManifest.xml:98:25-76
169            </intent-filter>
170        </receiver>
171        <receiver
171-->[androidx.work:work-runtime:2.1.0] AndroidManifest.xml:101:9-112:20
172            android:name="androidx.work.impl.background.systemalarm.RescheduleReceiver"
172-->[androidx.work:work-runtime:2.1.0] AndroidManifest.xml:102:13-88
173            android:directBootAware="false"
173-->[androidx.work:work-runtime:2.1.0] AndroidManifest.xml:103:13-44
174            android:enabled="false"
174-->[androidx.work:work-runtime:2.1.0] AndroidManifest.xml:104:13-36
175            android:exported="false" >
175-->[androidx.work:work-runtime:2.1.0] AndroidManifest.xml:105:13-37
176            <intent-filter>
176-->[androidx.work:work-runtime:2.1.0] AndroidManifest.xml:107:13-111:29
177                <action android:name="android.intent.action.BOOT_COMPLETED" />
177-->[androidx.work:work-runtime:2.1.0] AndroidManifest.xml:108:17-79
177-->[androidx.work:work-runtime:2.1.0] AndroidManifest.xml:108:25-76
178                <action android:name="android.intent.action.TIME_SET" />
178-->[androidx.work:work-runtime:2.1.0] AndroidManifest.xml:109:17-73
178-->[androidx.work:work-runtime:2.1.0] AndroidManifest.xml:109:25-70
179                <action android:name="android.intent.action.TIMEZONE_CHANGED" />
179-->[androidx.work:work-runtime:2.1.0] AndroidManifest.xml:110:17-81
179-->[androidx.work:work-runtime:2.1.0] AndroidManifest.xml:110:25-78
180            </intent-filter>
181        </receiver>
182        <receiver
182-->[androidx.work:work-runtime:2.1.0] AndroidManifest.xml:113:9-122:20
183            android:name="androidx.work.impl.background.systemalarm.ConstraintProxyUpdateReceiver"
183-->[androidx.work:work-runtime:2.1.0] AndroidManifest.xml:114:13-99
184            android:directBootAware="false"
184-->[androidx.work:work-runtime:2.1.0] AndroidManifest.xml:115:13-44
185            android:enabled="@bool/enable_system_alarm_service_default"
185-->[androidx.work:work-runtime:2.1.0] AndroidManifest.xml:116:13-72
186            android:exported="false" >
186-->[androidx.work:work-runtime:2.1.0] AndroidManifest.xml:117:13-37
187            <intent-filter>
187-->[androidx.work:work-runtime:2.1.0] AndroidManifest.xml:119:13-121:29
188                <action android:name="androidx.work.impl.background.systemalarm.UpdateProxies" />
188-->[androidx.work:work-runtime:2.1.0] AndroidManifest.xml:120:17-98
188-->[androidx.work:work-runtime:2.1.0] AndroidManifest.xml:120:25-95
189            </intent-filter>
190        </receiver>
191
192        <service
192-->[androidx.room:room-runtime:2.1.0] AndroidManifest.xml:25:9-27:40
193            android:name="androidx.room.MultiInstanceInvalidationService"
193-->[androidx.room:room-runtime:2.1.0] AndroidManifest.xml:26:13-74
194            android:exported="false" />
194-->[androidx.room:room-runtime:2.1.0] AndroidManifest.xml:27:13-37
195    </application>
196
197</manifest>